-1
-1
-1
-1
-1
-1
-1
-1
-1
-1
-1
-1
-1
-1
-1
-1
-1
-1
-1
-1
-1
-1
-1
-1
-1
-1
-1
-1
-1
-1
1976
2205
-1
-1
1979
-1
-1
-1
-1
-1
-1
-1
-1
-1
-1
-1
-1
-1
-1
-1
-1
-1
-1
-1
-1
1983
-1
-1
-1
1971
-1
1975
1972
1977
-1
-1
-1
-1
-1
-1
-1
-1
-1
-1
-1
-1
-1
1966
2207
-1
-1
1983
-1
-1
-1
1977
-1
-1
-1
-1
-1
-1
-1
-1
-1
-1
-1
-1
-1
-1
-1
-1
-1
-1
-1
-1
-1
-1
-1
1972
-1
1967
-1
-1
-1
-1
-1
-1
2016
-1
2016
1970
-1
-1
-1
-1
-1
1973
1969
1968
-1
1964
-1
-1
-1
1967
2205
2206
-1
1979
-1
-1
-1
-1
-1
1979
-1
2016
2205
2016
-1
-1
-1
1983
-1
-1
-1
-1
-1
2016
-1
-1
1976
1979
1966
-1
1967
-1
-1
-1
1983
1972
-1
-1
-1
-1
-1
-1
-1
-1
-1
-1
-1
-1
-1
-1
-1
1983
1974
-1
-1
-1
-1
-1
-1
-1
-1
-1
-1
-1
-1
-1
-1
-1
-1
-1
-1
-1
-1
-1
-1
-1
-1
-1
-1
-1
1964
-1
-1
-1
-1
-1
-1
-1
1533
1533
2205
1969
1976
2206
1971
1983
1968
1983
1967
-1
-1
-1
2016
2205
1962
-1
-1
-1
2205
-1
-1
-1
-1
-1
1962
-1
1964
2205
-1
1983
-1
1976
-1
-1
-1
-1
1967
-1
1997
-1
-1
2204
1975
1979
-1
1963
1983
1969
-1
-1
-1
1980
1998
1980
1976
-1
1969
2205
-1
1988
1981
-1
-1
1968
1972
1979
-1
-1
-1
-1
-1
-1
-1
-1
1978
-1
-1
-1
-1
1967
1963
1966
1967
-1
-1
-1
-1
-1
2016
2204
2205
-1
1997
-1
1962
-1
-1
-1
1977
-1
-1
-1
-1
-1
-1
-1
2204
-1
-1
-1
2204
-1
-1
-1
1978
-1
-1
-1
1966
-1
-1
-1
2204
-1
-1
-1
2204
-1
-1
-1
1997
-1
-1
-1
1989
-1
-1
-1
1990
-1
-1
-1
1990
-1
-1
-1
1990
-1
-1
-1
1990
-1
-1
-1
1990
-1
-1
-1
1990
-1
-1
-1
1990
-1
-1
-1
1990
-1
-1
-1
1991
-1
-1
-1
1991
-1
-1
-1
1991
-1
-1
-1
1991
-1
-1
-1
1991
-1
-1
-1
1991
-1
-1
-1
1991
-1
-1
-1
1991
-1
-1
-1
1992
-1
-1
-1
1992
-1
-1
-1
1992
-1
-1
-1
1992
-1
-1
-1
1992
-1
-1
-1
1992
-1
-1
-1
1992
-1
-1
-1
1992
-1
-1
-1
1993
-1
-1
-1
1993
-1
-1
-1
1993
-1
-1
-1
1993
-1
-1
-1
1993
-1
-1
-1
1993
-1
-1
-1
1993
-1
-1
-1
1993
-1
-1
-1
1994
-1
-1
-1
1994
-1
-1
-1
1994
-1
-1
-1
1994
-1
-1
-1
1994
-1
-1
-1
1994
-1
-1
-1
1994
-1
-1
-1
1994
-1
-1
-1
1995
-1
-1
-1
1995
-1
-1
-1
1995
-1
-1
-1
1995
-1
-1
-1
1995
-1
-1
-1
1995
-1
-1
-1
1995
-1
-1
-1
1995
-1
-1
-1
1996
-1
-1
-1
1996
-1
-1
-1
1996
-1
-1
-1
1996
-1
-1
-1
-1
-1
1965
1976
-1
1979
-1
-1
-1
-1
-1
-1
-1
-1
-1
1989
-1
-1
-1
1971
-1
-1
-1
1983
1989
-1
-1
-1
-1
-1
-1
1997
1975
1997
1997
-1
-1
1978
2203
2204
-1
-1
-1
-1
-1
-1
-1
-1
-1
-1
-1
-1
-1
-1
-1
-1
-1
1963
1975
-1
-1
-1
-1
1996
-1
-1
-1
-1
-1
-1
-1
-1
-1
-1
-1
-1
-1
-1
-1
1989
-1
1997
2203
-1
-1
-1
-1
-1
-1
-1
-1
-1
-1
-1
-1
-1
1997
-1
-1
-1
-1
-1
-1
-1
-1
-1
1977
1996
-1
-1
-1
1996
-1
-1
-1
1998
-1
-1
-1
-1
-1
-1
1971
-1
-1
-1
-1
-1
1968
-1
-1
-1
-1
1980
1997
-1
-1
-1
-1
-1
-1
-1
-1
-1
2208
1997
1980
1979
-1
-1
-1
-1
-1
-1
-1
1989
-1
-1
1966
-1
-1
-1
-1
-1
-1
-1
-1
-1
-1
-1
2204
-1
1989
-1
-1
-1
-1
-1
1975
1963
-1
-1
-1
-1
-1
-1
-1
-1
1971
-1
-1
-1
-1
-1
-1
-1
-1
-1
1966
-1
-1
-1
1979
-1
-1
-1
-1
-1
-1
-1
-1
-1
-1
-1
-1
-1
1997
1989
1989
-1
-1
-1
-1
2204
2203
-1
-1
-1
-1
-1
-1
-1
-1
-1
-1
1989
1997
-1
-1
-1
1996
-1
-1
-1
1963
-1
1968
1973
1997
-1
-1
1989
1979
1983
-1
1979
-1
1989
-1
1966
1980
-1
2208
2203
-1
-1
-1
1979
-1
-1
-1
-1
-1
-1
2203
-1
1977
2204
-1
1970
-1
-1
-1
-1
1962
-1
1969
1981
1973
2204
1979
-1
-1
-1
-1
-1
-1
2208
1980
-1
-1
1970
-1
-1
-1
-1
-1
-1
1997
-1
-1
-1
-1
-1
-1
-1
1976
-1
-1
-1
1979
2205
1980
-1
1989
-1
-1
-1
-1
-1
2208
2208
-1
-1
-1
-1
1968
-1
-1
-1
-1
-1
-1
-1
-1
-1
2204
1979
-1
-1
1865
2204
-1
-1
1988
-1
-1
-1
-1
-1
-1
-1
1989
-1
-1
-1
-1
-1
-1
-1
-1
-1
-1
1967
1973
-1
2213
-1
-1
1962
1976
-1
1968
-1
-1
-1
-1
-1
2205
1969
-1
-1
-1
-1
-1
-1
-1
-1
-1
-1
-1
1981
1544
-1
1865
1997
2204
-1
-1
-1
1967
-1
-1
2208
-1
-1
-1
-1
-1
-1
1988
1989
-1
2208
2204
-1
-1
-1
-1
-1
-1
-1
-1
-1
-1
-1
-1
-1
-1
2016
1533
-1
-1
-1
-1
-1
-1
-1
-1
2204
1974
-1
-1
-1
-1
-1
-1
-1
-1
-1
1969
-1
-1
-1
-1
-1
-1
-1
2208
-1
-1
-1
-1
-1
-1
-1
-1
-1
-1
-1
-1
-1
-1
-1
-1
-1
-1
-1
-1
-1
-1
-1
-1
-1
-1
-1
-1
1976
-1
-1
1964
1976
-1
-1
-1
-1
-1
-1
2204
1967
-1
1979
1548
-1
-1
-1
-1
-1
-1
-1
-1
-1
-1
-1
-1
-1
-1
1998
-1
1533
-1
-1
-1
1533
1967
-1
-1
-1
-1
-1
1976
-1
1972
-1
-1
-1
1980
-1
-1
-1
-1
-1
1963
-1
-1
-1
2016
2205
-1
-1
-1
-1
1533
-1
-1
-1
2205
1968
1983
-1
-1
-1
2205
1983
-1
1970
-1
-1
-1
2016
-1
-1
-1
-1
1979
-1
-1
-1
-1
2208
1983
1989
2209
-1
-1
2209
2205
-1
2205
-1
1989
1978
-1
-1
-1
-1
1977
-1
1984
1968
-1
-1
-1
-1
1963
1967
-1
-1
-1
2208
1994
-1
-1
-1
-1
-1
-1
1998
-1
-1
-1
-1
-1
-1
-1
-1
1977
-1
1984
1966
-1
2203
-1
-1
-1
2208
-1
-1
-1
1968
1979
2198
2199
1963
-1
2204
1962
2205
1977
-1
-1
2205
-1
-1
-1
-1
-1
-1
2016
2205
-1
-1
-1
2204
1976
1967
1861
-1
-1
-1
-1
-1
-1
-1
-1
-1
-1
-1
-1
-1
-1
-1
-1
-1
-1
-1
-1
-1
-1
-1
-1
-1
-1
-1
-1
-1
-1
-1
-1
-1
-1
-1
-1
-1
-1
-1
2203
1530
1974
-1
1979
-1
-1
-1
1983
-1
1980
-1
2199
-1
1980
1548
-1
1963
-1
-1
-1
-1
2205
-1
-1
-1
1967
1971
-1
-1
-1
-1
-1
2198
-1
-1
-1
-1
-1
2204
1875
-1
-1
1533
-1
1861
1970
-1
1974
1962
-1
-1
-1
1998
1861
1875
-1
-1
-1
-1
-1
-1
-1
-1
-1
-1
-1
2204
2203
-1
-1
-1
-1
-1
-1
1876
-1
-1
-1
-1
-1
-1
-1
-1
-1
1979
-1
-1
-1
-1
-1
-1
-1
-1
-1
-1
-1
2197
-1
-1
2197
2205
1989
-1
-1
-1
-1
2198
-1
1964
-1
-1
-1
-1
-1
-1
-1
-1
-1
-1
2197
-1
-1
-1
-1
-1
-1
-1
-1
-1
-1
-1
-1
-1
-1
-1
-1
-1
-1
-1
-1
-1
-1
-1
-1
-1
-1
-1
-1
-1
-1
2197
-1
-1
-1
-1
-1
-1
-1
-1
1861
-1
-1
-1
-1
-1
-1
-1
-1
-1
1861
1964
-1
-1
-1
-1
-1
-1
-1
2197
-1
2198
-1
-1
-1
-1
-1
-1
-1
-1
-1
-1
-1
-1
-1
-1
-1
-1
-1
-1
-1
-1
-1
-1
-1
-1
-1
-1
-1
-1
-1
-1
-1
-1
-1
-1
-1
-1
-1
-1
-1
-1
-1
-1
-1
-1
-1
-1
-1
-1
-1
-1
-1
-1
-1
-1
-1
-1
-1
-1
-1
-1
-1
-1
-1
-1
-1
-1
-1
-1
-1
-1
-1
-1
-1
-1
-1
-1
-1
-1
-1
-1
-1
-1
-1
-1
-1
-1
-1
-1
-1
-1
-1
-1
-1
-1
-1
-1
-1
-1
-1
-1
-1
-1
-1
-1
-1
-1
-1
-1
-1
-1
-1
-1
-1
-1
-1
-1
-1
-1
-1
-1
-1
-1
-1
-1
-1
-1
-1
-1
-1
-1
-1
-1
-1
-1
-1
-1
-1
-1
-1
-1
-1
-1
-1
-1
-1
-1
-1
-1
-1
-1
-1
-1
-1
-1
-1
-1
-1
-1
-1
-1
-1
-1
-1
-1
-1
-1
-1
-1
-1
-1
-1
-1
-1
-1
-1
-1
-1
-1
-1
-1
-1
-1
-1
-1
-1
-1
-1
-1
-1
-1
-1
-1
-1
-1
-1
-1
-1
-1
-1
-1
-1
-1
-1
-1
-1
-1
-1
-1
-1
-1
-1
-1
-1
-1
-1
-1
-1
-1
-1
-1
-1
-1
-1
-1
-1
-1
-1
-1
-1
-1
-1
-1
-1
-1
-1
-1
-1
-1
-1
-1
-1
-1
-1
-1
-1
-1
-1
-1
-1
-1
-1
-1
-1
-1
-1
-1
-1
-1
-1
-1
-1
-1
-1
-1
-1
-1
-1
-1
-1
-1
-1
-1
1978
-1
-1
-1
-1
-1
-1
-1
2198
1976
-1
-1
-1
-1
1965
1966
1876
2197
-1
-1
-1
-1
-1
-1
-1
-1
-1
-1
-1
-1
-1
-1
-1
-1
-1
1966
-1
-1
-1
-1
-1
-1
-1
-1
-1
-1
-1
-1
-1
-1
-1
-1
-1
-1
-1
-1
1975
1862
-1
-1
1861
-1
2198
-1
1876
-1
1973
-1
-1
-1
-1
-1
2197
-1
-1
-1
2240
-1
1965
1875
-1
1975
-1
-1
-1
-1
2198
2205
-1
2205
-1
-1
-1
-1
-1
1976
-1
-1
1965
-1
-1
-1
2198
2204
2205
-1
-1
2204
1964
-1
1968
-1
-1
2198
1861
-1
-1
-1
-1
-1
-1
-1
-1
-1
2198
-1
1980
-1
-1
-1
-1
1973
-1
-1
-1
2205
1979
-1
1984
-1
-1
2203
1978
-1
-1
-1
1970
-1
-1
-1
-1
-1
2197
1531
1969
2207
-1
1965
2203
2199
-1
-1
2197
1963
-1
1981
-1
-1
1977
-1
-1
-1
1966
-1
1975
-1
1962
-1
-1
1861
-1
-1
-1
-1
-1
-1
-1
-1
-1
-1
-1
-1
-1
2205
-1
1863
-1
-1
-1
-1
2205
2205
-1
2205
-1
-1
-1
1972
-1
-1
-1
-1
1861
-1
1968
-1
-1
-1
-1
-1
-1
-1
-1
-1
-1
-1
-1
-1
2205
-1
-1
-1
1858
1859
-1
-1
1859
1981
2198
-1
1861
1965
-1
-1
-1
-1
1864
-1
-1
-1
-1
-1
-1
-1
1846
-1
-1
-1
-1
-1
-1
-1
-1
-1
-1
-1
-1
1859
1862
-1
-1
-1
-1
-1
-1
-1
-1
-1
-1
-1
-1
-1
-1
-1
-1
-1
-1
-1
-1
-1
-1
-1
-1
-1
-1
-1
-1
-1
-1
1979
-1
1863
1861
-1
-1
-1
-1
1963
-1
1861
-1
-1
-1
